<?xml version="1.0" encoding="UTF-8"?>
<testng-results ignored="0" total="2" passed="2" failed="0" skipped="0">
  <reporter-output>
  </reporter-output>
  <suite started-at="2023-01-12T23:51:13 IST" name="Suite" finished-at="2023-01-12T23:51:13 IST" duration-ms="42">
    <groups>
    </groups>
    <test started-at="2023-01-12T23:51:13 IST" name="Test" finished-at="2023-01-12T23:51:13 IST" duration-ms="42">
      <class name="TestCases.TeamSelectionTest">
        <test-method signature="validateForeignPlayerLimit()[pri:0, instance:TestCases.TeamSelectionTest@25084a1e]" started-at="2023-01-12T23:51:13 IST" name="validateForeignPlayerLimit" finished-at="2023-01-12T23:51:13 IST" duration-ms="14" status="PASS">
          <reporter-output>
          </reporter-output>
        </test-method> <!-- validateForeignPlayerLimit -->
        <test-method signature="validateWicketKeeperAvailability()[pri:0, instance:TestCases.TeamSelectionTest@25084a1e]" started-at="2023-01-12T23:51:13 IST" name="validateWicketKeeperAvailability" finished-at="2023-01-12T23:51:13 IST" duration-ms="1" status="PASS">
          <reporter-output>
          </reporter-output>
        </test-method> <!-- validateWicketKeeperAvailability -->
      </class> <!-- TestCases.TeamSelectionTest -->
    </test> <!-- Test -->
  </suite> <!-- Suite -->
</testng-results>
